{"total": {"lines":{"total":6129,"covered":3450,"skipped":0,"pct":56.28},"statements":{"total":6129,"covered":3450,"skipped":0,"pct":56.28},"functions":{"total":215,"covered":141,"skipped":0,"pct":65.58},"branches":{"total":651,"covered":420,"skipped":0,"pct":64.51},"branchesTrue":{"total":0,"covered":0,"skipped":0,"pct":100}}
,"/Volumes/app/seriouse-project/rankmyseo/packages/agent/src/chat.ts": {"lines":{"total":19,"covered":0,"skipped":0,"pct":0},"functions":{"total":1,"covered":0,"skipped":0,"pct":0},"statements":{"total":19,"covered":0,"skipped":0,"pct":0},"branches":{"total":1,"covered":0,"skipped":0,"pct":0}}
,"/Volumes/app/seriouse-project/rankmyseo/packages/agent/src/index.ts": {"lines":{"total":5,"covered":0,"skipped":0,"pct":0},"functions":{"total":1,"covered":0,"skipped":0,"pct":0},"statements":{"total":5,"covered":0,"skipped":0,"pct":0},"branches":{"total":1,"covered":0,"skipped":0,"pct":0}}
,"/Volumes/app/seriouse-project/rankmyseo/packages/agent/src/json-schema.ts": {"lines":{"total":22,"covered":0,"skipped":0,"pct":0},"functions":{"total":1,"covered":0,"skipped":0,"pct":0},"statements":{"total":22,"covered":0,"skipped":0,"pct":0},"branches":{"total":1,"covered":0,"skipped":0,"pct":0}}
,"/Volumes/app/seriouse-project/rankmyseo/packages/agent/src/mcp.ts": {"lines":{"total":235,"covered":0,"skipped":0,"pct":0},"functions":{"total":1,"covered":0,"skipped":0,"pct":0},"statements":{"total":235,"covered":0,"skipped":0,"pct":0},"branches":{"total":1,"covered":0,"skipped":0,"pct":0}}
,"/Volumes/app/seriouse-project/rankmyseo/packages/agent/src/tool-schemas.ts": {"lines":{"total":1,"covered":0,"skipped":0,"pct":0},"functions":{"total":1,"covered":0,"skipped":0,"pct":0},"statements":{"total":1,"covered":0,"skipped":0,"pct":0},"branches":{"total":1,"covered":0,"skipped":0,"pct":0}}
,"/Volumes/app/seriouse-project/rankmyseo/packages/agent/src/tools.ts": {"lines":{"total":207,"covered":134,"skipped":0,"pct":64.73},"functions":{"total":11,"covered":3,"skipped":0,"pct":27.27},"statements":{"total":207,"covered":134,"skipped":0,"pct":64.73},"branches":{"total":4,"covered":3,"skipped":0,"pct":75}}
,"/Volumes/app/seriouse-project/rankmyseo/packages/agent/src/bin/mcp.ts": {"lines":{"total":18,"covered":0,"skipped":0,"pct":0},"functions":{"total":1,"covered":1,"skipped":0,"pct":100},"statements":{"total":18,"covered":0,"skipped":0,"pct":0},"branches":{"total":1,"covered":1,"skipped":0,"pct":100}}
,"/Volumes/app/seriouse-project/rankmyseo/packages/cli/src/config-commands.ts": {"lines":{"total":70,"covered":0,"skipped":0,"pct":0},"functions":{"total":1,"covered":0,"skipped":0,"pct":0},"statements":{"total":70,"covered":0,"skipped":0,"pct":0},"branches":{"total":1,"covered":0,"skipped":0,"pct":0}}
,"/Volumes/app/seriouse-project/rankmyseo/packages/cli/src/doctor.ts": {"lines":{"total":53,"covered":0,"skipped":0,"pct":0},"functions":{"total":1,"covered":0,"skipped":0,"pct":0},"statements":{"total":53,"covered":0,"skipped":0,"pct":0},"branches":{"total":1,"covered":0,"skipped":0,"pct":0}}
,"/Volumes/app/seriouse-project/rankmyseo/packages/cli/src/index.ts": {"lines":{"total":174,"covered":0,"skipped":0,"pct":0},"functions":{"total":1,"covered":1,"skipped":0,"pct":100},"statements":{"total":174,"covered":0,"skipped":0,"pct":0},"branches":{"total":1,"covered":1,"skipped":0,"pct":100}}
,"/Volumes/app/seriouse-project/rankmyseo/packages/cli/src/init.ts": {"lines":{"total":4,"covered":4,"skipped":0,"pct":100},"functions":{"total":1,"covered":1,"skipped":0,"pct":100},"statements":{"total":4,"covered":4,"skipped":0,"pct":100},"branches":{"total":1,"covered":1,"skipped":0,"pct":100}}
,"/Volumes/app/seriouse-project/rankmyseo/packages/cli/src/migrate.ts": {"lines":{"total":9,"covered":0,"skipped":0,"pct":0},"functions":{"total":1,"covered":0,"skipped":0,"pct":0},"statements":{"total":9,"covered":0,"skipped":0,"pct":0},"branches":{"total":1,"covered":0,"skipped":0,"pct":0}}
,"/Volumes/app/seriouse-project/rankmyseo/packages/cli/src/regression.ts": {"lines":{"total":181,"covered":37,"skipped":0,"pct":20.44},"functions":{"total":5,"covered":2,"skipped":0,"pct":40},"statements":{"total":181,"covered":37,"skipped":0,"pct":20.44},"branches":{"total":10,"covered":9,"skipped":0,"pct":90}}
,"/Volumes/app/seriouse-project/rankmyseo/packages/cli/src/schedule.ts": {"lines":{"total":89,"covered":0,"skipped":0,"pct":0},"functions":{"total":1,"covered":0,"skipped":0,"pct":0},"statements":{"total":89,"covered":0,"skipped":0,"pct":0},"branches":{"total":1,"covered":0,"skipped":0,"pct":0}}
,"/Volumes/app/seriouse-project/rankmyseo/packages/cli/src/version.ts": {"lines":{"total":13,"covered":0,"skipped":0,"pct":0},"functions":{"total":1,"covered":0,"skipped":0,"pct":0},"statements":{"total":13,"covered":0,"skipped":0,"pct":0},"branches":{"total":1,"covered":0,"skipped":0,"pct":0}}
,"/Volumes/app/seriouse-project/rankmyseo/packages/core/src/index.ts": {"lines":{"total":13,"covered":13,"skipped":0,"pct":100},"functions":{"total":0,"covered":0,"skipped":0,"pct":100},"statements":{"total":13,"covered":13,"skipped":0,"pct":100},"branches":{"total":0,"covered":0,"skipped":0,"pct":100}}
,"/Volumes/app/seriouse-project/rankmyseo/packages/core/src/json-schema.ts": {"lines":{"total":21,"covered":21,"skipped":0,"pct":100},"functions":{"total":1,"covered":1,"skipped":0,"pct":100},"statements":{"total":21,"covered":21,"skipped":0,"pct":100},"branches":{"total":1,"covered":1,"skipped":0,"pct":100}}
,"/Volumes/app/seriouse-project/rankmyseo/packages/core/src/config/define.ts": {"lines":{"total":6,"covered":2,"skipped":0,"pct":33.33},"functions":{"total":1,"covered":0,"skipped":0,"pct":0},"statements":{"total":6,"covered":2,"skipped":0,"pct":33.33},"branches":{"total":0,"covered":0,"skipped":0,"pct":100}}
,"/Volumes/app/seriouse-project/rankmyseo/packages/core/src/config/index.ts": {"lines":{"total":3,"covered":3,"skipped":0,"pct":100},"functions":{"total":0,"covered":0,"skipped":0,"pct":100},"statements":{"total":3,"covered":3,"skipped":0,"pct":100},"branches":{"total":0,"covered":0,"skipped":0,"pct":100}}
,"/Volumes/app/seriouse-project/rankmyseo/packages/core/src/config/load.ts": {"lines":{"total":25,"covered":5,"skipped":0,"pct":20},"functions":{"total":2,"covered":0,"skipped":0,"pct":0},"statements":{"total":25,"covered":5,"skipped":0,"pct":20},"branches":{"total":0,"covered":0,"skipped":0,"pct":100}}
,"/Volumes/app/seriouse-project/rankmyseo/packages/core/src/config/schema.ts": {"lines":{"total":75,"covered":73,"skipped":0,"pct":97.33},"functions":{"total":1,"covered":0,"skipped":0,"pct":0},"statements":{"total":75,"covered":73,"skipped":0,"pct":97.33},"branches":{"total":0,"covered":0,"skipped":0,"pct":100}}
,"/Volumes/app/seriouse-project/rankmyseo/packages/core/src/engine/audit.ts": {"lines":{"total":246,"covered":236,"skipped":0,"pct":95.93},"functions":{"total":20,"covered":19,"skipped":0,"pct":95},"statements":{"total":246,"covered":236,"skipped":0,"pct":95.93},"branches":{"total":98,"covered":91,"skipped":0,"pct":92.85}}
,"/Volumes/app/seriouse-project/rankmyseo/packages/core/src/engine/meta.ts": {"lines":{"total":103,"covered":98,"skipped":0,"pct":95.14},"functions":{"total":7,"covered":7,"skipped":0,"pct":100},"statements":{"total":103,"covered":98,"skipped":0,"pct":95.14},"branches":{"total":23,"covered":18,"skipped":0,"pct":78.26}}
,"/Volumes/app/seriouse-project/rankmyseo/packages/core/src/engine/parse.ts": {"lines":{"total":149,"covered":138,"skipped":0,"pct":92.61},"functions":{"total":8,"covered":8,"skipped":0,"pct":100},"statements":{"total":149,"covered":138,"skipped":0,"pct":92.61},"branches":{"total":45,"covered":38,"skipped":0,"pct":84.44}}
,"/Volumes/app/seriouse-project/rankmyseo/packages/core/src/engine/recommend.ts": {"lines":{"total":120,"covered":120,"skipped":0,"pct":100},"functions":{"total":2,"covered":2,"skipped":0,"pct":100},"statements":{"total":120,"covered":120,"skipped":0,"pct":100},"branches":{"total":6,"covered":4,"skipped":0,"pct":66.66}}
,"/Volumes/app/seriouse-project/rankmyseo/packages/core/src/engine/regression-types.ts": {"lines":{"total":11,"covered":11,"skipped":0,"pct":100},"functions":{"total":0,"covered":0,"skipped":0,"pct":100},"statements":{"total":11,"covered":11,"skipped":0,"pct":100},"branches":{"total":0,"covered":0,"skipped":0,"pct":100}}
,"/Volumes/app/seriouse-project/rankmyseo/packages/core/src/engine/regression.ts": {"lines":{"total":193,"covered":165,"skipped":0,"pct":85.49},"functions":{"total":5,"covered":5,"skipped":0,"pct":100},"statements":{"total":193,"covered":165,"skipped":0,"pct":85.49},"branches":{"total":42,"covered":27,"skipped":0,"pct":64.28}}
,"/Volumes/app/seriouse-project/rankmyseo/packages/core/src/engine/report.ts": {"lines":{"total":81,"covered":80,"skipped":0,"pct":98.76},"functions":{"total":4,"covered":4,"skipped":0,"pct":100},"statements":{"total":81,"covered":80,"skipped":0,"pct":98.76},"branches":{"total":19,"covered":14,"skipped":0,"pct":73.68}}
,"/Volumes/app/seriouse-project/rankmyseo/packages/core/src/engine/schema.ts": {"lines":{"total":190,"covered":183,"skipped":0,"pct":96.31},"functions":{"total":7,"covered":7,"skipped":0,"pct":100},"statements":{"total":190,"covered":183,"skipped":0,"pct":96.31},"branches":{"total":40,"covered":14,"skipped":0,"pct":35}}
,"/Volumes/app/seriouse-project/rankmyseo/packages/core/src/ports/index.ts": {"lines":{"total":0,"covered":0,"skipped":0,"pct":100},"functions":{"total":0,"covered":0,"skipped":0,"pct":100},"statements":{"total":0,"covered":0,"skipped":0,"pct":100},"branches":{"total":0,"covered":0,"skipped":0,"pct":100}}
,"/Volumes/app/seriouse-project/rankmyseo/packages/core/src/schemas/index.ts": {"lines":{"total":278,"covered":273,"skipped":0,"pct":98.2},"functions":{"total":3,"covered":2,"skipped":0,"pct":66.66},"statements":{"total":278,"covered":273,"skipped":0,"pct":98.2},"branches":{"total":5,"covered":3,"skipped":0,"pct":60}}
,"/Volumes/app/seriouse-project/rankmyseo/packages/core/src/schemas/regression.ts": {"lines":{"total":90,"covered":90,"skipped":0,"pct":100},"functions":{"total":0,"covered":0,"skipped":0,"pct":100},"statements":{"total":90,"covered":90,"skipped":0,"pct":100},"branches":{"total":0,"covered":0,"skipped":0,"pct":100}}
,"/Volumes/app/seriouse-project/rankmyseo/packages/core/src/services/ingest.ts": {"lines":{"total":13,"covered":0,"skipped":0,"pct":0},"functions":{"total":1,"covered":0,"skipped":0,"pct":0},"statements":{"total":13,"covered":0,"skipped":0,"pct":0},"branches":{"total":0,"covered":0,"skipped":0,"pct":100}}
,"/Volumes/app/seriouse-project/rankmyseo/packages/core/src/testing/index.ts": {"lines":{"total":2,"covered":0,"skipped":0,"pct":0},"functions":{"total":1,"covered":0,"skipped":0,"pct":0},"statements":{"total":2,"covered":0,"skipped":0,"pct":0},"branches":{"total":1,"covered":0,"skipped":0,"pct":0}}
,"/Volumes/app/seriouse-project/rankmyseo/packages/core/src/testing/server-adapter-contract.ts": {"lines":{"total":82,"covered":0,"skipped":0,"pct":0},"functions":{"total":1,"covered":0,"skipped":0,"pct":0},"statements":{"total":82,"covered":0,"skipped":0,"pct":0},"branches":{"total":1,"covered":0,"skipped":0,"pct":0}}
,"/Volumes/app/seriouse-project/rankmyseo/packages/core/src/testing/store-contract.ts": {"lines":{"total":320,"covered":0,"skipped":0,"pct":0},"functions":{"total":1,"covered":0,"skipped":0,"pct":0},"statements":{"total":320,"covered":0,"skipped":0,"pct":0},"branches":{"total":1,"covered":0,"skipped":0,"pct":0}}
,"/Volumes/app/seriouse-project/rankmyseo/packages/core/src/utils/url.ts": {"lines":{"total":11,"covered":11,"skipped":0,"pct":100},"functions":{"total":1,"covered":1,"skipped":0,"pct":100},"statements":{"total":11,"covered":11,"skipped":0,"pct":100},"branches":{"total":4,"covered":4,"skipped":0,"pct":100}}
,"/Volumes/app/seriouse-project/rankmyseo/packages/datasource/src/factory.ts": {"lines":{"total":29,"covered":0,"skipped":0,"pct":0},"functions":{"total":1,"covered":0,"skipped":0,"pct":0},"statements":{"total":29,"covered":0,"skipped":0,"pct":0},"branches":{"total":1,"covered":0,"skipped":0,"pct":0}}
,"/Volumes/app/seriouse-project/rankmyseo/packages/datasource/src/fixture.ts": {"lines":{"total":31,"covered":31,"skipped":0,"pct":100},"functions":{"total":3,"covered":3,"skipped":0,"pct":100},"statements":{"total":31,"covered":31,"skipped":0,"pct":100},"branches":{"total":5,"covered":5,"skipped":0,"pct":100}}
,"/Volumes/app/seriouse-project/rankmyseo/packages/datasource/src/gsc.ts": {"lines":{"total":73,"covered":70,"skipped":0,"pct":95.89},"functions":{"total":2,"covered":2,"skipped":0,"pct":100},"statements":{"total":73,"covered":70,"skipped":0,"pct":95.89},"branches":{"total":11,"covered":7,"skipped":0,"pct":63.63}}
,"/Volumes/app/seriouse-project/rankmyseo/packages/datasource/src/index.ts": {"lines":{"total":4,"covered":0,"skipped":0,"pct":0},"functions":{"total":1,"covered":0,"skipped":0,"pct":0},"statements":{"total":4,"covered":0,"skipped":0,"pct":0},"branches":{"total":1,"covered":0,"skipped":0,"pct":0}}
,"/Volumes/app/seriouse-project/rankmyseo/packages/datasource/src/psi.ts": {"lines":{"total":56,"covered":0,"skipped":0,"pct":0},"functions":{"total":1,"covered":0,"skipped":0,"pct":0},"statements":{"total":56,"covered":0,"skipped":0,"pct":0},"branches":{"total":1,"covered":0,"skipped":0,"pct":0}}
,"/Volumes/app/seriouse-project/rankmyseo/packages/installer/src/catalog.ts": {"lines":{"total":84,"covered":83,"skipped":0,"pct":98.8},"functions":{"total":2,"covered":2,"skipped":0,"pct":100},"statements":{"total":84,"covered":83,"skipped":0,"pct":98.8},"branches":{"total":9,"covered":6,"skipped":0,"pct":66.66}}
,"/Volumes/app/seriouse-project/rankmyseo/packages/installer/src/detect-pm.ts": {"lines":{"total":50,"covered":36,"skipped":0,"pct":72},"functions":{"total":2,"covered":2,"skipped":0,"pct":100},"statements":{"total":50,"covered":36,"skipped":0,"pct":72},"branches":{"total":18,"covered":6,"skipped":0,"pct":33.33}}
,"/Volumes/app/seriouse-project/rankmyseo/packages/installer/src/index.ts": {"lines":{"total":3,"covered":0,"skipped":0,"pct":0},"functions":{"total":1,"covered":0,"skipped":0,"pct":0},"statements":{"total":3,"covered":0,"skipped":0,"pct":0},"branches":{"total":1,"covered":0,"skipped":0,"pct":0}}
,"/Volumes/app/seriouse-project/rankmyseo/packages/installer/src/install.ts": {"lines":{"total":113,"covered":0,"skipped":0,"pct":0},"functions":{"total":1,"covered":0,"skipped":0,"pct":0},"statements":{"total":113,"covered":0,"skipped":0,"pct":0},"branches":{"total":1,"covered":0,"skipped":0,"pct":0}}
,"/Volumes/app/seriouse-project/rankmyseo/packages/rankmyseo/src/index.ts": {"lines":{"total":63,"covered":0,"skipped":0,"pct":0},"functions":{"total":1,"covered":1,"skipped":0,"pct":100},"statements":{"total":63,"covered":0,"skipped":0,"pct":0},"branches":{"total":1,"covered":1,"skipped":0,"pct":100}}
,"/Volumes/app/seriouse-project/rankmyseo/packages/react/src/client.tsx": {"lines":{"total":39,"covered":35,"skipped":0,"pct":89.74},"functions":{"total":4,"covered":4,"skipped":0,"pct":100},"statements":{"total":39,"covered":35,"skipped":0,"pct":89.74},"branches":{"total":9,"covered":4,"skipped":0,"pct":44.44}}
,"/Volumes/app/seriouse-project/rankmyseo/packages/react/src/collector.ts": {"lines":{"total":62,"covered":0,"skipped":0,"pct":0},"functions":{"total":1,"covered":1,"skipped":0,"pct":100},"statements":{"total":62,"covered":0,"skipped":0,"pct":0},"branches":{"total":1,"covered":1,"skipped":0,"pct":100}}
,"/Volumes/app/seriouse-project/rankmyseo/packages/react/src/index.ts": {"lines":{"total":13,"covered":0,"skipped":0,"pct":0},"functions":{"total":1,"covered":0,"skipped":0,"pct":0},"statements":{"total":13,"covered":0,"skipped":0,"pct":0},"branches":{"total":1,"covered":0,"skipped":0,"pct":0}}
,"/Volumes/app/seriouse-project/rankmyseo/packages/react/src/hooks/use-audit.ts": {"lines":{"total":17,"covered":0,"skipped":0,"pct":0},"functions":{"total":1,"covered":0,"skipped":0,"pct":0},"statements":{"total":17,"covered":0,"skipped":0,"pct":0},"branches":{"total":1,"covered":0,"skipped":0,"pct":0}}
,"/Volumes/app/seriouse-project/rankmyseo/packages/react/src/hooks/use-blog-module.ts": {"lines":{"total":40,"covered":0,"skipped":0,"pct":0},"functions":{"total":1,"covered":0,"skipped":0,"pct":0},"statements":{"total":40,"covered":0,"skipped":0,"pct":0},"branches":{"total":1,"covered":0,"skipped":0,"pct":0}}
,"/Volumes/app/seriouse-project/rankmyseo/packages/react/src/hooks/use-blog.ts": {"lines":{"total":70,"covered":0,"skipped":0,"pct":0},"functions":{"total":1,"covered":0,"skipped":0,"pct":0},"statements":{"total":70,"covered":0,"skipped":0,"pct":0},"branches":{"total":1,"covered":0,"skipped":0,"pct":0}}
,"/Volumes/app/seriouse-project/rankmyseo/packages/react/src/hooks/use-chat.ts": {"lines":{"total":31,"covered":0,"skipped":0,"pct":0},"functions":{"total":1,"covered":0,"skipped":0,"pct":0},"statements":{"total":31,"covered":0,"skipped":0,"pct":0},"branches":{"total":1,"covered":0,"skipped":0,"pct":0}}
,"/Volumes/app/seriouse-project/rankmyseo/packages/react/src/hooks/use-dashboard-config.ts": {"lines":{"total":27,"covered":0,"skipped":0,"pct":0},"functions":{"total":1,"covered":0,"skipped":0,"pct":0},"statements":{"total":27,"covered":0,"skipped":0,"pct":0},"branches":{"total":1,"covered":0,"skipped":0,"pct":0}}
,"/Volumes/app/seriouse-project/rankmyseo/packages/react/src/hooks/use-keywords.ts": {"lines":{"total":34,"covered":27,"skipped":0,"pct":79.41},"functions":{"total":1,"covered":1,"skipped":0,"pct":100},"statements":{"total":34,"covered":27,"skipped":0,"pct":79.41},"branches":{"total":4,"covered":3,"skipped":0,"pct":75}}
,"/Volumes/app/seriouse-project/rankmyseo/packages/react/src/hooks/use-meta-generator.ts": {"lines":{"total":30,"covered":0,"skipped":0,"pct":0},"functions":{"total":1,"covered":0,"skipped":0,"pct":0},"statements":{"total":30,"covered":0,"skipped":0,"pct":0},"branches":{"total":1,"covered":0,"skipped":0,"pct":0}}
,"/Volumes/app/seriouse-project/rankmyseo/packages/react/src/hooks/use-rank-tracker.ts": {"lines":{"total":29,"covered":0,"skipped":0,"pct":0},"functions":{"total":1,"covered":0,"skipped":0,"pct":0},"statements":{"total":29,"covered":0,"skipped":0,"pct":0},"branches":{"total":1,"covered":0,"skipped":0,"pct":0}}
,"/Volumes/app/seriouse-project/rankmyseo/packages/react/src/hooks/use-report.ts": {"lines":{"total":27,"covered":0,"skipped":0,"pct":0},"functions":{"total":1,"covered":0,"skipped":0,"pct":0},"statements":{"total":27,"covered":0,"skipped":0,"pct":0},"branches":{"total":1,"covered":0,"skipped":0,"pct":0}}
,"/Volumes/app/seriouse-project/rankmyseo/packages/react/src/hooks/use-scan.ts": {"lines":{"total":32,"covered":0,"skipped":0,"pct":0},"functions":{"total":1,"covered":0,"skipped":0,"pct":0},"statements":{"total":32,"covered":0,"skipped":0,"pct":0},"branches":{"total":1,"covered":0,"skipped":0,"pct":0}}
,"/Volumes/app/seriouse-project/rankmyseo/packages/react/src/hooks/use-schema-generator.ts": {"lines":{"total":30,"covered":0,"skipped":0,"pct":0},"functions":{"total":1,"covered":0,"skipped":0,"pct":0},"statements":{"total":30,"covered":0,"skipped":0,"pct":0},"branches":{"total":1,"covered":0,"skipped":0,"pct":0}}
,"/Volumes/app/seriouse-project/rankmyseo/packages/scanner/src/index.ts": {"lines":{"total":231,"covered":189,"skipped":0,"pct":81.81},"functions":{"total":10,"covered":9,"skipped":0,"pct":90},"statements":{"total":231,"covered":189,"skipped":0,"pct":81.81},"branches":{"total":61,"covered":38,"skipped":0,"pct":62.29}}
,"/Volumes/app/seriouse-project/rankmyseo/packages/scheduler/src/index.ts": {"lines":{"total":3,"covered":0,"skipped":0,"pct":0},"functions":{"total":1,"covered":0,"skipped":0,"pct":0},"statements":{"total":3,"covered":0,"skipped":0,"pct":0},"branches":{"total":1,"covered":0,"skipped":0,"pct":0}}
,"/Volumes/app/seriouse-project/rankmyseo/packages/scheduler/src/ingest-job.ts": {"lines":{"total":21,"covered":15,"skipped":0,"pct":71.42},"functions":{"total":3,"covered":2,"skipped":0,"pct":66.66},"statements":{"total":21,"covered":15,"skipped":0,"pct":71.42},"branches":{"total":2,"covered":2,"skipped":0,"pct":100}}
,"/Volumes/app/seriouse-project/rankmyseo/packages/scheduler/src/manual.ts": {"lines":{"total":22,"covered":17,"skipped":0,"pct":77.27},"functions":{"total":6,"covered":3,"skipped":0,"pct":50},"statements":{"total":22,"covered":17,"skipped":0,"pct":77.27},"branches":{"total":4,"covered":3,"skipped":0,"pct":75}}
,"/Volumes/app/seriouse-project/rankmyseo/packages/scheduler/src/node-cron.ts": {"lines":{"total":24,"covered":0,"skipped":0,"pct":0},"functions":{"total":1,"covered":0,"skipped":0,"pct":0},"statements":{"total":24,"covered":0,"skipped":0,"pct":0},"branches":{"total":1,"covered":0,"skipped":0,"pct":0}}
,"/Volumes/app/seriouse-project/rankmyseo/packages/server-hono/src/index.ts": {"lines":{"total":12,"covered":12,"skipped":0,"pct":100},"functions":{"total":1,"covered":1,"skipped":0,"pct":100},"statements":{"total":12,"covered":12,"skipped":0,"pct":100},"branches":{"total":2,"covered":2,"skipped":0,"pct":100}}
,"/Volumes/app/seriouse-project/rankmyseo/packages/server/src/errors.ts": {"lines":{"total":19,"covered":13,"skipped":0,"pct":68.42},"functions":{"total":2,"covered":1,"skipped":0,"pct":50},"statements":{"total":19,"covered":13,"skipped":0,"pct":68.42},"branches":{"total":4,"covered":3,"skipped":0,"pct":75}}
,"/Volumes/app/seriouse-project/rankmyseo/packages/server/src/handler.ts": {"lines":{"total":60,"covered":49,"skipped":0,"pct":81.66},"functions":{"total":1,"covered":1,"skipped":0,"pct":100},"statements":{"total":60,"covered":49,"skipped":0,"pct":81.66},"branches":{"total":13,"covered":9,"skipped":0,"pct":69.23}}
,"/Volumes/app/seriouse-project/rankmyseo/packages/server/src/index.ts": {"lines":{"total":2,"covered":0,"skipped":0,"pct":0},"functions":{"total":1,"covered":0,"skipped":0,"pct":0},"statements":{"total":2,"covered":0,"skipped":0,"pct":0},"branches":{"total":1,"covered":0,"skipped":0,"pct":0}}
,"/Volumes/app/seriouse-project/rankmyseo/packages/server/src/routes.ts": {"lines":{"total":483,"covered":321,"skipped":0,"pct":66.45},"functions":{"total":3,"covered":3,"skipped":0,"pct":100},"statements":{"total":483,"covered":321,"skipped":0,"pct":66.45},"branches":{"total":74,"covered":36,"skipped":0,"pct":48.64}}
,"/Volumes/app/seriouse-project/rankmyseo/packages/server/src/schemas.ts": {"lines":{"total":28,"covered":28,"skipped":0,"pct":100},"functions":{"total":0,"covered":0,"skipped":0,"pct":100},"statements":{"total":28,"covered":28,"skipped":0,"pct":100},"branches":{"total":0,"covered":0,"skipped":0,"pct":100}}
,"/Volumes/app/seriouse-project/rankmyseo/packages/server/src/utils.ts": {"lines":{"total":78,"covered":73,"skipped":0,"pct":93.58},"functions":{"total":7,"covered":7,"skipped":0,"pct":100},"statements":{"total":78,"covered":73,"skipped":0,"pct":93.58},"branches":{"total":24,"covered":18,"skipped":0,"pct":75}}
,"/Volumes/app/seriouse-project/rankmyseo/packages/storage/src/factory.ts": {"lines":{"total":16,"covered":0,"skipped":0,"pct":0},"functions":{"total":1,"covered":0,"skipped":0,"pct":0},"statements":{"total":16,"covered":0,"skipped":0,"pct":0},"branches":{"total":1,"covered":0,"skipped":0,"pct":0}}
,"/Volumes/app/seriouse-project/rankmyseo/packages/storage/src/index.ts": {"lines":{"total":3,"covered":0,"skipped":0,"pct":0},"functions":{"total":1,"covered":0,"skipped":0,"pct":0},"statements":{"total":3,"covered":0,"skipped":0,"pct":0},"branches":{"total":1,"covered":0,"skipped":0,"pct":0}}
,"/Volumes/app/seriouse-project/rankmyseo/packages/storage/src/sqlite-store.ts": {"lines":{"total":515,"covered":495,"skipped":0,"pct":96.11},"functions":{"total":31,"covered":30,"skipped":0,"pct":96.77},"statements":{"total":515,"covered":495,"skipped":0,"pct":96.11},"branches":{"total":53,"covered":37,"skipped":0,"pct":69.81}}
,"/Volumes/app/seriouse-project/rankmyseo/packages/storage/src/schema/sqlite.ts": {"lines":{"total":82,"covered":82,"skipped":0,"pct":100},"functions":{"total":0,"covered":0,"skipped":0,"pct":100},"statements":{"total":82,"covered":82,"skipped":0,"pct":100},"branches":{"total":0,"covered":0,"skipped":0,"pct":100}}
,"/Volumes/app/seriouse-project/rankmyseo/packages/ui/src/dashboard-renderer.tsx": {"lines":{"total":30,"covered":24,"skipped":0,"pct":80},"functions":{"total":1,"covered":1,"skipped":0,"pct":100},"statements":{"total":30,"covered":24,"skipped":0,"pct":80},"branches":{"total":3,"covered":2,"skipped":0,"pct":66.66}}
,"/Volumes/app/seriouse-project/rankmyseo/packages/ui/src/index.ts": {"lines":{"total":8,"covered":0,"skipped":0,"pct":0},"functions":{"total":1,"covered":0,"skipped":0,"pct":0},"statements":{"total":8,"covered":0,"skipped":0,"pct":0},"branches":{"total":1,"covered":0,"skipped":0,"pct":0}}
,"/Volumes/app/seriouse-project/rankmyseo/packages/ui/src/widgets/add-blog-module.tsx": {"lines":{"total":24,"covered":0,"skipped":0,"pct":0},"functions":{"total":1,"covered":1,"skipped":0,"pct":100},"statements":{"total":24,"covered":0,"skipped":0,"pct":0},"branches":{"total":1,"covered":1,"skipped":0,"pct":100}}
,"/Volumes/app/seriouse-project/rankmyseo/packages/ui/src/widgets/audit-score-card.tsx": {"lines":{"total":18,"covered":2,"skipped":0,"pct":11.11},"functions":{"total":1,"covered":0,"skipped":0,"pct":0},"statements":{"total":18,"covered":2,"skipped":0,"pct":11.11},"branches":{"total":0,"covered":0,"skipped":0,"pct":100}}
,"/Volumes/app/seriouse-project/rankmyseo/packages/ui/src/widgets/blog-manager.tsx": {"lines":{"total":234,"covered":121,"skipped":0,"pct":51.7},"functions":{"total":11,"covered":1,"skipped":0,"pct":9.09},"statements":{"total":234,"covered":121,"skipped":0,"pct":51.7},"branches":{"total":14,"covered":4,"skipped":0,"pct":28.57}}
,"/Volumes/app/seriouse-project/rankmyseo/packages/ui/src/widgets/core-web-vitals-gauge.tsx": {"lines":{"total":21,"covered":2,"skipped":0,"pct":9.52},"functions":{"total":1,"covered":0,"skipped":0,"pct":0},"statements":{"total":21,"covered":2,"skipped":0,"pct":9.52},"branches":{"total":0,"covered":0,"skipped":0,"pct":100}}
,"/Volumes/app/seriouse-project/rankmyseo/packages/ui/src/widgets/keyword-table.tsx": {"lines":{"total":28,"covered":23,"skipped":0,"pct":82.14},"functions":{"total":1,"covered":1,"skipped":0,"pct":100},"statements":{"total":28,"covered":23,"skipped":0,"pct":82.14},"branches":{"total":3,"covered":3,"skipped":0,"pct":100}}
,"/Volumes/app/seriouse-project/rankmyseo/packages/ui/src/widgets/rank-history-chart.tsx": {"lines":{"total":24,"covered":3,"skipped":0,"pct":12.5},"functions":{"total":1,"covered":0,"skipped":0,"pct":0},"statements":{"total":24,"covered":3,"skipped":0,"pct":12.5},"branches":{"total":0,"covered":0,"skipped":0,"pct":100}}
,"/Volumes/app/seriouse-project/rankmyseo/packages/ui/src/widgets/top-movers-list.tsx": {"lines":{"total":24,"covered":2,"skipped":0,"pct":8.33},"functions":{"total":1,"covered":0,"skipped":0,"pct":0},"statements":{"total":24,"covered":2,"skipped":0,"pct":8.33},"branches":{"total":0,"covered":0,"skipped":0,"pct":100}}
}
